RUN	performanceRunners.CDArticleSimulation	cdarticlesimulation	1683461256705	 	3.7.4
USER	Create An Article	START	1683461256952
REQUEST		POST /api/users/login	1683461257149	1683461257388	OK	 
REQUEST		Create And Delete Article	1683461257863	1683461258144	OK	 
USER	Create An Article	END	1683461258197
USER	Create An Article	START	1683461260915
REQUEST		Create And Delete Article	1683461261010	1683461261201	OK	 
USER	Create An Article	END	1683461261259
USER	Create An Article	START	1683461261916
REQUEST		Create And Delete Article	1683461261978	1683461262133	OK	 
USER	Create An Article	END	1683461262172
USER	Create An Article	START	1683461262905
REQUEST		Create And Delete Article	1683461262942	1683461263096	OK	 
USER	Create An Article	END	1683461263128
USER	Create An Article	START	1683461263917
REQUEST		Create And Delete Article	1683461263957	1683461264123	OK	 
USER	Create An Article	END	1683461264143
USER	Create An Article	START	1683461264911
REQUEST		Create And Delete Article	1683461264999	1683461265156	OK	 
USER	Create An Article	END	1683461265179
USER	Create An Article	START	1683461265908
REQUEST		Create And Delete Article	1683461265956	1683461266119	OK	 
USER	Create An Article	END	1683461266155
USER	Create An Article	START	1683461266906
REQUEST		Create And Delete Article	1683461266959	1683461267120	OK	 
USER	Create An Article	END	1683461267137
USER	Create An Article	START	1683461267903
REQUEST		Create And Delete Article	1683461268025	1683461268194	OK	 
USER	Create An Article	END	1683461268227
USER	Create An Article	START	1683461268904
REQUEST		Create And Delete Article	1683461268935	1683461269089	OK	 
USER	Create An Article	END	1683461269132
USER	Create An Article	START	1683461269904
REQUEST		Create And Delete Article	1683461269987	1683461270168	OK	 
USER	Create An Article	END	1683461270188
USER	Create An Article	START	1683461270903
REQUEST		Create And Delete Article	1683461270934	1683461271118	OK	 
USER	Create An Article	END	1683461271138
USER	Create An Article	START	1683461271415
REQUEST		Create And Delete Article	1683461271469	1683461271622	OK	 
USER	Create An Article	END	1683461271640
USER	Create An Article	START	1683461271916
REQUEST		Create And Delete Article	1683461271939	1683461272112	OK	 
USER	Create An Article	END	1683461272130
USER	Create An Article	START	1683461272402
REQUEST		Create And Delete Article	1683461272428	1683461272586	OK	 
USER	Create An Article	END	1683461272600
USER	Create An Article	START	1683461272913
REQUEST		Create And Delete Article	1683461272936	1683461273094	OK	 
USER	Create An Article	END	1683461273104
USER	Create An Article	START	1683461273409
REQUEST		Create And Delete Article	1683461273432	1683461273583	OK	 
USER	Create An Article	END	1683461273595
USER	Create An Article	START	1683461273907
REQUEST		Create And Delete Article	1683461273961	1683461274111	OK	 
USER	Create An Article	END	1683461274124
USER	Create An Article	START	1683461274407
REQUEST		Create And Delete Article	1683461274429	1683461274588	OK	 
USER	Create An Article	END	1683461274597
USER	Create An Article	START	1683461274902
REQUEST		Create And Delete Article	1683461274923	1683461275075	OK	 
USER	Create An Article	END	1683461275085
USER	Create An Article	START	1683461275415
REQUEST		Create And Delete Article	1683461275435	1683461275574	OK	 
USER	Create An Article	END	1683461275585
USER	Create An Article	START	1683461275915
REQUEST		Create And Delete Article	1683461275932	1683461276081	OK	 
USER	Create An Article	END	1683461276097
USER	Create An Article	START	1683461276413
REQUEST		Create And Delete Article	1683461276435	1683461276589	OK	 
USER	Create An Article	END	1683461276597
USER	Create An Article	START	1683461276913
REQUEST		Create And Delete Article	1683461276963	1683461277121	OK	 
USER	Create An Article	END	1683461277159
USER	Create An Article	START	1683461277411
REQUEST		Create And Delete Article	1683461277472	1683461277624	OK	 
USER	Create An Article	END	1683461277652
USER	Create An Article	START	1683461277909
REQUEST		Create And Delete Article	1683461277938	1683461278094	OK	 
USER	Create An Article	END	1683461278120
USER	Create An Article	START	1683461278410
REQUEST		Create And Delete Article	1683461278433	1683461278599	OK	 
USER	Create An Article	END	1683461278607
USER	Create An Article	START	1683461278905
REQUEST		Create And Delete Article	1683461278922	1683461279078	OK	 
USER	Create An Article	END	1683461279089
USER	Create An Article	START	1683461279402
REQUEST		Create And Delete Article	1683461279422	1683461279586	OK	 
USER	Create An Article	END	1683461279597
USER	Create An Article	START	1683461279915
REQUEST		Create And Delete Article	1683461279935	1683461280079	OK	 
USER	Create An Article	END	1683461280088
USER	Create An Article	START	1683461280413
REQUEST		Create And Delete Article	1683461280437	1683461280589	OK	 
USER	Create An Article	END	1683461280599
USER	Create An Article	START	1683461280911
REQUEST		Create And Delete Article	1683461280931	1683461281078	OK	 
USER	Create An Article	END	1683461281087
USER	Create An Article	START	1683461281411
REQUEST		Create And Delete Article	1683461281435	1683461281593	OK	 
USER	Create An Article	END	1683461281610
USER	Create An Article	START	1683461281913
REQUEST		Create And Delete Article	1683461281937	1683461282092	OK	 
USER	Create An Article	END	1683461282139
USER	Create An Article	START	1683461282237
REQUEST		Create And Delete Article	1683461282278	1683461282429	OK	 
USER	Create An Article	END	1683461282469
USER	Create An Article	START	1683461282576
REQUEST		Create And Delete Article	1683461282623	1683461282767	OK	 
USER	Create An Article	END	1683461282797
USER	Create An Article	START	1683461282916
REQUEST		Create And Delete Article	1683461282958	1683461283125	OK	 
USER	Create An Article	END	1683461283174
USER	Create An Article	START	1683461283245
REQUEST		Create And Delete Article	1683461283276	1683461283434	OK	 
USER	Create An Article	END	1683461283446
USER	Create An Article	START	1683461283570
REQUEST		Create And Delete Article	1683461283591	1683461283742	OK	 
USER	Create An Article	END	1683461283752
USER	Create An Article	START	1683461283912
REQUEST		Create And Delete Article	1683461283938	1683461284099	OK	 
USER	Create An Article	END	1683461284109
USER	Create An Article	START	1683461284163
REQUEST		Create And Delete Article	1683461284186	1683461284329	OK	 
USER	Create An Article	END	1683461284343
USER	Create An Article	START	1683461284415
REQUEST		Create And Delete Article	1683461284434	1683461284583	OK	 
USER	Create An Article	END	1683461284600
USER	Create An Article	START	1683461284662
REQUEST		Create And Delete Article	1683461284684	1683461284839	OK	 
USER	Create An Article	END	1683461284853
USER	Create An Article	START	1683461284911
REQUEST		Create And Delete Article	1683461284926	1683461285083	OK	 
USER	Create An Article	END	1683461285089
USER	Create An Article	START	1683461285159
REQUEST		Create And Delete Article	1683461285176	1683461285337	OK	 
USER	Create An Article	END	1683461285343
USER	Create An Article	START	1683461285407
REQUEST		Create And Delete Article	1683461285425	1683461285584	OK	 
USER	Create An Article	END	1683461285592
USER	Create An Article	START	1683461285657
REQUEST		Create And Delete Article	1683461285683	1683461285845	OK	 
USER	Create An Article	END	1683461285867
USER	Create An Article	START	1683461285907
REQUEST		Create And Delete Article	1683461285925	1683461286071	OK	 
USER	Create An Article	END	1683461286083
USER	Create An Article	START	1683461286109
USER	Create An Article	START	1683461286311
REQUEST		Create And Delete Article	1683461286131	1683461286299	OK	 
USER	Create An Article	END	1683461286336
USER	Create An Article	START	1683461286513
REQUEST		Create And Delete Article	1683461286353	1683461286520	OK	 
USER	Create An Article	END	1683461286556
USER	Create An Article	START	1683461286715
REQUEST		Create And Delete Article	1683461286567	1683461286737	OK	 
USER	Create An Article	END	1683461286769
USER	Create An Article	START	1683461286917
REQUEST		Create And Delete Article	1683461286760	1683461286917	OK	 
USER	Create An Article	END	1683461286928
REQUEST		Create And Delete Article	1683461286942	1683461287086	OK	 
USER	Create An Article	END	1683461287101
USER	Create An Article	START	1683461287105
REQUEST		Create And Delete Article	1683461287134	1683461287288	OK	 
USER	Create An Article	END	1683461287300
USER	Create An Article	START	1683461287307
USER	Create An Article	START	1683461287505
REQUEST		Create And Delete Article	1683461287345	1683461287508	OK	 
USER	Create An Article	END	1683461287526
USER	Create An Article	START	1683461287707
REQUEST		Create And Delete Article	1683461287548	1683461287708	OK	 
USER	Create An Article	END	1683461287750
USER	Create An Article	START	1683461287912
REQUEST		Create And Delete Article	1683461287761	1683461287921	OK	 
USER	Create An Article	END	1683461287962
USER	Create An Article	START	1683461288080
REQUEST		Create And Delete Article	1683461287960	1683461288119	OK	 
USER	Create An Article	END	1683461288129
USER	Create An Article	START	1683461288235
REQUEST		Create And Delete Article	1683461288125	1683461288287	OK	 
USER	Create An Article	END	1683461288301
USER	Create An Article	START	1683461288407
REQUEST		Create And Delete Article	1683461288262	1683461288423	OK	 
USER	Create An Article	END	1683461288440
USER	Create An Article	START	1683461288578
REQUEST		Create And Delete Article	1683461288426	1683461288577	OK	 
USER	Create An Article	END	1683461288619
USER	Create An Article	START	1683461288748
REQUEST		Create And Delete Article	1683461288626	1683461288786	OK	 
USER	Create An Article	END	1683461288809
USER	Create An Article	START	1683461288917
REQUEST		Create And Delete Article	1683461288786	1683461288940	OK	 
USER	Create An Article	END	1683461288987
USER	Create An Article	START	1683461289072
REQUEST		Create And Delete Article	1683461288960	1683461289144	OK	 
USER	Create An Article	END	1683461289160
USER	Create An Article	START	1683461289244
REQUEST		Create And Delete Article	1683461289109	1683461289275	OK	 
USER	Create An Article	END	1683461289301
USER	Create An Article	START	1683461289415
REQUEST		Create And Delete Article	1683461289289	1683461289457	OK	 
USER	Create An Article	END	1683461289481
USER	Create An Article	START	1683461289572
REQUEST		Create And Delete Article	1683461289457	1683461289618	OK	 
USER	Create An Article	END	1683461289627
USER	Create An Article	START	1683461289744
REQUEST		Create And Delete Article	1683461289588	1683461289767	OK	 
USER	Create An Article	END	1683461289793
USER	Create An Article	START	1683461289916
REQUEST		Create And Delete Article	1683461289788	1683461289946	OK	 
USER	Create An Article	END	1683461289954
USER	Create An Article	START	1683461290057
REQUEST		Create And Delete Article	1683461289930	1683461290078	OK	 
USER	Create An Article	END	1683461290085
USER	Create An Article	START	1683461290200
REQUEST		Create And Delete Article	1683461290072	1683461290216	OK	 
USER	Create An Article	END	1683461290229
USER	Create An Article	START	1683461290342
REQUEST		Create And Delete Article	1683461290225	1683461290380	OK	 
USER	Create An Article	END	1683461290394
USER	Create An Article	START	1683461290481
REQUEST		Create And Delete Article	1683461290354	1683461290514	OK	 
USER	Create An Article	END	1683461290523
USER	Create An Article	START	1683461290624
REQUEST		Create And Delete Article	1683461290510	1683461290689	OK	 
USER	Create An Article	END	1683461290709
USER	Create An Article	START	1683461290764
REQUEST		Create And Delete Article	1683461290642	1683461290810	OK	 
USER	Create An Article	END	1683461290822
USER	Create An Article	START	1683461290904
REQUEST		Create And Delete Article	1683461290787	1683461290952	OK	 
USER	Create An Article	END	1683461290978
USER	Create An Article	START	1683461291046
REQUEST		Create And Delete Article	1683461290941	1683461291099	OK	 
USER	Create An Article	END	1683461291107
USER	Create An Article	START	1683461291187
REQUEST		Create And Delete Article	1683461291084	1683461291233	OK	 
USER	Create An Article	END	1683461291238
USER	Create An Article	START	1683461291343
REQUEST		Create And Delete Article	1683461291224	1683461291387	OK	 
USER	Create An Article	END	1683461291394
USER	Create An Article	START	1683461291484
REQUEST		Create And Delete Article	1683461291363	1683461291521	OK	 
USER	Create An Article	END	1683461291539
USER	Create An Article	START	1683461291623
REQUEST		Create And Delete Article	1683461291525	1683461291686	OK	 
USER	Create An Article	END	1683461291692
USER	Create An Article	START	1683461291765
REQUEST		Create And Delete Article	1683461291668	1683461291826	OK	 
USER	Create An Article	END	1683461291858
USER	Create An Article	START	1683461291920
REQUEST		Create And Delete Article	1683461291801	1683461291969	OK	 
USER	Create An Article	END	1683461291988
USER	Create An Article	START	1683461292030
REQUEST		Create And Delete Article	1683461291955	1683461292107	OK	 
USER	Create An Article	END	1683461292119
USER	Create An Article	START	1683461292155
REQUEST		Create And Delete Article	1683461292044	1683461292219	OK	 
USER	Create An Article	END	1683461292227
USER	Create An Article	START	1683461292280
REQUEST		Create And Delete Article	1683461292176	1683461292330	OK	 
USER	Create An Article	END	1683461292340
USER	Create An Article	START	1683461292407
REQUEST		Create And Delete Article	1683461292295	1683461292456	OK	 
USER	Create An Article	END	1683461292463
USER	Create An Article	START	1683461292530
REQUEST		Create And Delete Article	1683461292423	1683461292573	OK	 
USER	Create An Article	END	1683461292581
USER	Create An Article	START	1683461292670
REQUEST		Create And Delete Article	1683461292546	1683461292709	OK	 
USER	Create An Article	END	1683461292719
USER	Create An Article	START	1683461292794
REQUEST		Create And Delete Article	1683461292684	1683461292826	OK	 
USER	Create An Article	END	1683461292836
USER	Create An Article	START	1683461292918
REQUEST		Create And Delete Article	1683461292808	1683461292952	OK	 
USER	Create An Article	END	1683461292958
USER	Create An Article	START	1683461293027
REQUEST		Create And Delete Article	1683461292931	1683461293091	OK	 
USER	Create An Article	END	1683461293098
USER	Create An Article	START	1683461293166
REQUEST		Create And Delete Article	1683461293043	1683461293194	OK	 
USER	Create An Article	END	1683461293205
USER	Create An Article	START	1683461293279
REQUEST		Create And Delete Article	1683461293183	1683461293332	OK	 
USER	Create An Article	END	1683461293342
USER	Create An Article	START	1683461293417
REQUEST		Create And Delete Article	1683461293294	1683461293465	OK	 
USER	Create An Article	END	1683461293502
USER	Create An Article	START	1683461293541
USER	Create An Article	START	1683461293673
REQUEST		Create And Delete Article	1683461293488	1683461293651	OK	 
USER	Create An Article	END	1683461293690
REQUEST		Create And Delete Article	1683461293557	1683461293708	OK	 
USER	Create An Article	END	1683461293718
USER	Create An Article	START	1683461293779
REQUEST		Create And Delete Article	1683461293704	1683461293866	OK	 
USER	Create An Article	END	1683461293881
USER	Create An Article	START	1683461293904
REQUEST		Create And Delete Article	1683461293801	1683461293949	OK	 
USER	Create An Article	END	1683461293961
USER	Create An Article	START	1683461294026
REQUEST		Create And Delete Article	1683461293925	1683461294073	OK	 
USER	Create An Article	END	1683461294110
USER	Create An Article	START	1683461294134
REQUEST		Create And Delete Article	1683461294040	1683461294203	OK	 
USER	Create An Article	END	1683461294226
USER	Create An Article	START	1683461294243
REQUEST		Create And Delete Article	1683461294151	1683461294309	OK	 
USER	Create An Article	END	1683461294320
USER	Create An Article	START	1683461294351
REQUEST		Create And Delete Article	1683461294265	1683461294419	OK	 
USER	Create An Article	END	1683461294440
USER	Create An Article	START	1683461294459
REQUEST		Create And Delete Article	1683461294366	1683461294535	OK	 
USER	Create An Article	END	1683461294574
USER	Create An Article	START	1683461294583
REQUEST		Create And Delete Article	1683461294471	1683461294649	OK	 
USER	Create An Article	END	1683461294656
USER	Create An Article	START	1683461294691
REQUEST		Create And Delete Article	1683461294599	1683461294747	OK	 
USER	Create An Article	END	1683461294760
USER	Create An Article	START	1683461294799
USER	Create An Article	START	1683461294911
REQUEST		Create And Delete Article	1683461294733	1683461294901	OK	 
USER	Create An Article	END	1683461294939
USER	Create An Article	START	1683461295020
REQUEST		Create And Delete Article	1683461294838	1683461295022	OK	 
USER	Create An Article	END	1683461295039
USER	Create An Article	START	1683461295131
REQUEST		Create And Delete Article	1683461294954	1683461295112	OK	 
USER	Create An Article	END	1683461295154
USER	Create An Article	START	1683461295250
REQUEST		Create And Delete Article	1683461295048	1683461295228	OK	 
USER	Create An Article	END	1683461295265
REQUEST		Create And Delete Article	1683461295164	1683461295344	OK	 
USER	Create An Article	END	1683461295349
USER	Create An Article	START	1683461295349
REQUEST		Create And Delete Article	1683461295273	1683461295418	OK	 
USER	Create An Article	END	1683461295423
USER	Create An Article	START	1683461295474
REQUEST		Create And Delete Article	1683461295383	1683461295524	OK	 
USER	Create An Article	END	1683461295544
USER	Create An Article	START	1683461295582
REQUEST		Create And Delete Article	1683461295487	1683461295633	OK	 
USER	Create An Article	END	1683461295646
USER	Create An Article	START	1683461295692
REQUEST		Create And Delete Article	1683461295597	1683461295745	OK	 
USER	Create An Article	END	1683461295753
USER	Create An Article	START	1683461295800
REQUEST		Create And Delete Article	1683461295710	1683461295854	OK	 
USER	Create An Article	END	1683461295863
USER	Create An Article	START	1683461295910
REQUEST		Create And Delete Article	1683461295815	1683461295960	OK	 
USER	Create An Article	END	1683461295968
USER	Create An Article	START	1683461296006
REQUEST		Create And Delete Article	1683461295926	1683461296076	OK	 
USER	Create An Article	END	1683461296085
USER	Create An Article	START	1683461296114
REQUEST		Create And Delete Article	1683461296023	1683461296185	OK	 
USER	Create An Article	END	1683461296197
USER	Create An Article	START	1683461296207
REQUEST		Create And Delete Article	1683461296130	1683461296295	OK	 
USER	Create An Article	END	1683461296307
USER	Create An Article	START	1683461296314
REQUEST		Create And Delete Article	1683461296235	1683461296390	OK	 
USER	Create An Article	END	1683461296395
USER	Create An Article	START	1683461296408
REQUEST		Create And Delete Article	1683461296331	1683461296485	OK	 
USER	Create An Article	END	1683461296490
USER	Create An Article	START	1683461296502
USER	Create An Article	START	1683461296608
REQUEST		Create And Delete Article	1683461296464	1683461296628	OK	 
USER	Create An Article	END	1683461296639
REQUEST		Create And Delete Article	1683461296517	1683461296669	OK	 
USER	Create An Article	END	1683461296679
USER	Create An Article	START	1683461296716
REQUEST		Create And Delete Article	1683461296624	1683461296774	OK	 
USER	Create An Article	END	1683461296789
USER	Create An Article	START	1683461296811
USER	Create An Article	START	1683461296907
REQUEST		Create And Delete Article	1683461296754	1683461296903	OK	 
USER	Create An Article	END	1683461296919
REQUEST		Create And Delete Article	1683461296835	1683461296975	OK	 
USER	Create An Article	END	1683461296983
USER	Create An Article	START	1683461297015
USER	Create An Article	START	1683461297108
REQUEST		Create And Delete Article	1683461296966	1683461297123	OK	 
USER	Create An Article	END	1683461297135
USER	Create An Article	START	1683461297223
REQUEST		Create And Delete Article	1683461297030	1683461297187	OK	 
USER	Create An Article	END	1683461297246
REQUEST		Create And Delete Article	1683461297122	1683461297266	OK	 
USER	Create An Article	END	1683461297274
USER	Create An Article	START	1683461297310
USER	Create An Article	START	1683461297402
REQUEST		Create And Delete Article	1683461297259	1683461297407	OK	 
USER	Create An Article	END	1683461297419
USER	Create An Article	START	1683461297511
REQUEST		Create And Delete Article	1683461297328	1683461297492	OK	 
USER	Create An Article	END	1683461297533
USER	Create An Article	START	1683461297605
REQUEST		Create And Delete Article	1683461297427	1683461297598	OK	 
USER	Create An Article	END	1683461297624
USER	Create An Article	START	1683461297713
REQUEST		Create And Delete Article	1683461297546	1683461297718	OK	 
USER	Create An Article	END	1683461297729
USER	Create An Article	START	1683461297810
REQUEST		Create And Delete Article	1683461297635	1683461297782	OK	 
USER	Create An Article	END	1683461297821
REQUEST		Create And Delete Article	1683461297737	1683461297887	OK	 
USER	Create An Article	END	1683461297907
USER	Create An Article	START	1683461297917
USER	Create An Article	START	1683461297994
REQUEST		Create And Delete Article	1683461297832	1683461297998	OK	 
USER	Create An Article	END	1683461298015
USER	Create An Article	START	1683461298085
REQUEST		Create And Delete Article	1683461297948	1683461298112	OK	 
USER	Create An Article	END	1683461298125
USER	Create An Article	START	1683461298179
REQUEST		Create And Delete Article	1683461298023	1683461298180	OK	 
USER	Create An Article	END	1683461298208
USER	Create An Article	START	1683461298272
REQUEST		Create And Delete Article	1683461298103	1683461298271	OK	 
USER	Create An Article	END	1683461298294
USER	Create An Article	START	1683461298366
REQUEST		Create And Delete Article	1683461298223	1683461298381	OK	 
USER	Create An Article	END	1683461298418
USER	Create An Article	START	1683461298458
REQUEST		Create And Delete Article	1683461298304	1683461298463	OK	 
USER	Create An Article	END	1683461298474
USER	Create An Article	START	1683461298552
REQUEST		Create And Delete Article	1683461298419	1683461298583	OK	 
USER	Create An Article	END	1683461298594
REQUEST		Create And Delete Article	1683461298477	1683461298625	OK	 
USER	Create An Article	END	1683461298635
USER	Create An Article	START	1683461298643
USER	Create An Article	START	1683461298723
REQUEST		Create And Delete Article	1683461298566	1683461298723	OK	 
USER	Create An Article	END	1683461298740
REQUEST		Create And Delete Article	1683461298657	1683461298799	OK	 
USER	Create An Article	END	1683461298806
USER	Create An Article	START	1683461298817
USER	Create An Article	START	1683461298910
REQUEST		Create And Delete Article	1683461298747	1683461298889	OK	 
USER	Create An Article	END	1683461298920
USER	Create An Article	START	1683461299005
REQUEST		Create And Delete Article	1683461298831	1683461298992	OK	 
USER	Create An Article	END	1683461299015
USER	Create An Article	START	1683461299096
REQUEST		Create And Delete Article	1683461298933	1683461299098	OK	 
USER	Create An Article	END	1683461299131
USER	Create An Article	START	1683461299175
REQUEST		Create And Delete Article	1683461299030	1683461299200	OK	 
USER	Create An Article	END	1683461299225
USER	Create An Article	START	1683461299266
REQUEST		Create And Delete Article	1683461299139	1683461299301	OK	 
USER	Create An Article	END	1683461299316
USER	Create An Article	START	1683461299362
REQUEST		Create And Delete Article	1683461299221	1683461299390	OK	 
USER	Create An Article	END	1683461299418
USER	Create An Article	START	1683461299454
REQUEST		Create And Delete Article	1683461299309	1683461299466	OK	 
USER	Create An Article	END	1683461299473
USER	Create An Article	START	1683461299547
REQUEST		Create And Delete Article	1683461299410	1683461299553	OK	 
USER	Create An Article	END	1683461299562
REQUEST		Create And Delete Article	1683461299467	1683461299625	OK	 
USER	Create An Article	END	1683461299638
USER	Create An Article	START	1683461299640
USER	Create An Article	START	1683461299733
REQUEST		Create And Delete Article	1683461299566	1683461299708	OK	 
USER	Create An Article	END	1683461299742
USER	Create An Article	START	1683461299826
REQUEST		Create And Delete Article	1683461299651	1683461299807	OK	 
USER	Create An Article	END	1683461299845
USER	Create An Article	START	1683461299904
REQUEST		Create And Delete Article	1683461299757	1683461299908	OK	 
USER	Create An Article	END	1683461299946
USER	Create An Article	START	1683461299996
REQUEST		Create And Delete Article	1683461299860	1683461300017	OK	 
USER	Create An Article	END	1683461300026
USER	Create An Article	START	1683461300074
REQUEST		Create And Delete Article	1683461299954	1683461300120	OK	 
USER	Create An Article	END	1683461300132
USER	Create An Article	START	1683461300166
REQUEST		Create And Delete Article	1683461300017	1683461300172	OK	 
USER	Create An Article	END	1683461300190
USER	Create An Article	START	1683461300244
REQUEST		Create And Delete Article	1683461300089	1683461300250	OK	 
USER	Create An Article	END	1683461300270
USER	Create An Article	START	1683461300322
REQUEST		Create And Delete Article	1683461300200	1683461300355	OK	 
USER	Create An Article	END	1683461300364
USER	Create An Article	START	1683461300417
REQUEST		Create And Delete Article	1683461300276	1683461300430	OK	 
USER	Create An Article	END	1683461300446
USER	Create An Article	START	1683461300495
REQUEST		Create And Delete Article	1683461300356	1683461300513	OK	 
USER	Create An Article	END	1683461300536
USER	Create An Article	START	1683461300571
REQUEST		Create And Delete Article	1683461300440	1683461300601	OK	 
USER	Create An Article	END	1683461300619
USER	Create An Article	START	1683461300667
REQUEST		Create And Delete Article	1683461300542	1683461300683	OK	 
USER	Create An Article	END	1683461300691
USER	Create An Article	START	1683461300745
REQUEST		Create And Delete Article	1683461300589	1683461300736	OK	 
USER	Create An Article	END	1683461300751
USER	Create An Article	START	1683461300838
REQUEST		Create And Delete Article	1683461300682	1683461300830	OK	 
USER	Create An Article	END	1683461300867
REQUEST		Create And Delete Article	1683461300763	1683461300922	OK	 
USER	Create An Article	END	1683461300928
REQUEST		Create And Delete Article	1683461300875	1683461301022	OK	 
USER	Create An Article	END	1683461301049
USER	Create An Article	START	1683461305906
REQUEST		Create And Delete Article	1683461305922	1683461306068	OK	 
USER	Create An Article	END	1683461306073
USER	Create An Article	START	1683461306910
REQUEST		Create And Delete Article	1683461306924	1683461307072	OK	 
USER	Create An Article	END	1683461307078
USER	Create An Article	START	1683461307915
REQUEST		Create And Delete Article	1683461307928	1683461308079	OK	 
USER	Create An Article	END	1683461308084
USER	Create An Article	START	1683461308910
REQUEST		Create And Delete Article	1683461308925	1683461309063	OK	 
USER	Create An Article	END	1683461309069
USER	Create An Article	START	1683461309904
REQUEST		Create And Delete Article	1683461309916	1683461310057	OK	 
USER	Create An Article	END	1683461310064
